2020-04-23 13:01:41,771:DEBUG:discord.client: on_message has successfully been registered as an event
2020-04-23 13:01:41,772:DEBUG:discord.client: on_reaction_add has successfully been registered as an event
2020-04-23 13:01:41,772:DEBUG:discord.client: on_ready has successfully been registered as an event
2020-04-23 13:01:41,772:INFO:discord.client: logging in using static token
2020-04-23 13:01:41,987:DEBUG:discord.http: GET https://discordapp.com/api/v7/users/@me with None has returned 200
2020-04-23 13:01:41,987:DEBUG:discord.http: GET https://discordapp.com/api/v7/users/@me has received {'id': '702733347151020103', 'username': 'teest', 'avatar': None, 'discriminator': '0840', 'public_flags': 0, 'flags': 0, 'bot': True, 'email': None, 'verified': True, 'locale': 'en-US', 'mfa_enabled': False}
2020-04-23 13:01:42,018:DEBUG:discord.http: GET https://discordapp.com/api/v7/gateway with None has returned 200
2020-04-23 13:01:42,018:DEBUG:discord.http: GET https://discordapp.com/api/v7/gateway has received {'url': 'wss://gateway.discord.gg'}
2020-04-23 13:01:42,154:INFO:discord.gateway: Created websocket connected to wss://gateway.discord.gg?encoding=json&v=6&compress=zlib-stream
2020-04-23 13:01:42,155:DEBUG:discord.client: Dispatching event socket_raw_receive
2020-04-23 13:01:42,155:DEBUG:discord.gateway: For Shard ID None: WebSocket Event: {'t': None, 's': None, 'op': 10, 'd': {'heartbeat_interval': 41250, '_trace': ['["gateway-prd-main-sjcm",{"micros":0.0}]']}}
2020-04-23 13:01:42,155:DEBUG:discord.client: Dispatching event socket_response
2020-04-23 13:01:42,155:DEBUG:discord.client: Dispatching event socket_raw_send
2020-04-23 13:01:42,156:DEBUG:discord.client: Dispatching event socket_raw_send
2020-04-23 13:01:42,156:INFO:discord.gateway: Shard ID None has sent the IDENTIFY payload.
2020-04-23 13:01:42,194:DEBUG:discord.client: Dispatching event socket_raw_receive
2020-04-23 13:01:42,194:DEBUG:discord.gateway: For Shard ID None: WebSocket Event: {'t': None, 's': None, 'op': 11, 'd': None}
2020-04-23 13:01:42,194:DEBUG:discord.client: Dispatching event socket_response
2020-04-23 13:01:42,285:DEBUG:discord.client: Dispatching event socket_raw_receive
2020-04-23 13:01:42,285:DEBUG:discord.gateway: For Shard ID None: WebSocket Event: {'t': 'READY', 's': 1, 'op': 0, 'd': {'v': 6, 'user_settings': {}, 'user': {'verified': True, 'username': 'teest', 'mfa_enabled': False, 'id': '702733347151020103', 'flags': 0, 'email': None, 'discriminator': '0840', 'bot': True, 'avatar': None}, 'session_id': '268725c9a698d712b1e9bd0fd8d6487d', 'relationships': [], 'private_channels': [], 'presences': [], 'guilds': [{'unavailable': True, 'id': '570840555068719114'}], 'application': {'id': '702733347151020103', 'flags': 0}, '_trace': ['["gateway-prd-main-sjcm",{"micros":88904,"calls":["discord-sessions-prd-1-16",{"micros":86122,"calls":["start_session",{"micros":74704,"calls":["api-prd-main-us-east1-vr10",{"micros":71174,"calls":["get_user",{"micros":8238},"add_authorized_ip",{"micros":2259},"get_guilds",{"micros":7918},"coros_wait",{"micros":1}]}]},"guilds_connect",{"micros":1,"calls":[]},"presence_connect",{"micros":1,"calls":[]}]}]}]']}}
2020-04-23 13:01:42,285:DEBUG:discord.client: Dispatching event socket_response
2020-04-23 13:01:42,285:INFO:discord.gateway: Shard ID None has connected to Gateway: ["gateway-prd-main-sjcm",{"micros":88904,"calls":["discord-sessions-prd-1-16",{"micros":86122,"calls":["start_session",{"micros":74704,"calls":["api-prd-main-us-east1-vr10",{"micros":71174,"calls":["get_user",{"micros":8238},"add_authorized_ip",{"micros":2259},"get_guilds",{"micros":7918},"coros_wait",{"micros":1}]}]},"guilds_connect",{"micros":1,"calls":[]},"presence_connect",{"micros":1,"calls":[]}]}]}] (Session ID: 268725c9a698d712b1e9bd0fd8d6487d).
2020-04-23 13:01:42,296:DEBUG:discord.client: Dispatching event connect
2020-04-23 13:01:42,296:DEBUG:discord.client: Dispatching event socket_raw_receive
2020-04-23 13:01:42,296:DEBUG:discord.gateway: For Shard ID None: WebSocket Event: {'t': 'GUILD_CREATE', 's': 2, 'op': 0, 'd': {'roles': [{'position': 0, 'permissions': 104324673, 'name': '@everyone', 'mentionable': False, 'managed': False, 'id': '570840555068719114', 'hoist': False, 'color': 0}, {'position': 3, 'permissions': 8, 'name': 'tset', 'mentionable': False, 'managed': True, 'id': '570841168930275330', 'hoist': False, 'color': 0}, {'position': 2, 'permissions': 8, 'name': 'Rythm', 'mentionable': False, 'managed': True, 'id': '613188405618147368', 'hoist': False, 'color': 0}, {'position': 1, 'permissions': 104324673, 'name': 'DJ', 'mentionable': False, 'managed': False, 'id': '626582729651126301', 'hoist': False, 'color': 0}, {'position': 1, 'permissions': 268823648, 'name': 'teest', 'mentionable': False, 'managed': True, 'id': '702735031919050813', 'hoist': False, 'color': 0}], 'premium_subscription_count': 0, 'emojis': [{'roles': [], 'require_colons': True, 'name': 'philcoin', 'managed': False, 'id': '702736216528781413', 'available': True, 'animated': False}], 'region': 'us-east', 'system_channel_flags': 0, 'afk_timeout': 300, 'default_message_notifications': 0, 'afk_channel_id': None, 'premium_tier': 0, 'max_video_channel_users': 25, 'system_channel_id': '570840555504795648', 'icon': None, 'verification_level': 0, 'features': [], 'public_updates_channel_id': None, 'voice_states': [], 'explicit_content_filter': 0, 'rules_channel_id': None, 'vanity_url_code': None, 'members': [{'user': {'username': 'Rythm', 'public_flags': 65536, 'id': '235088799074484224', 'discriminator': '3722', 'bot': True, 'avatar': '16c197c4c3f0eb808f9bceb6e1075e71'}, 'roles': ['613188405618147368'], 'mute': False, 'joined_at': '2019-08-20T01:51:48.389000+00:00', 'hoisted_role': None, 'deaf': True}, {'user': {'username': 'giantguppy', 'id': '286341288083718144', 'discriminator': '8573', 'avatar': None}, 'roles': ['626582729651126301'], 'premium_since': None, 'nick': 'poopie', 'mute': False, 'joined_at': '2019-04-27T02:41:39.125000+00:00', 'hoisted_role': None, 'deaf': False}, {'user': {'username': 'AMZ', 'id': '555522352566370305', 'discriminator': '9336', 'avatar': 'e286f5a35e95be6eb83bde6abb5b4893'}, 'roles': [], 'mute': False, 'joined_at': '2019-04-25T05:16:34.036000+00:00', 'hoisted_role': None, 'deaf': False}, {'user': {'username': 'tset', 'id': '570840221126492171', 'discriminator': '2947', 'bot': True, 'avatar': None}, 'roles': ['570841168930275330'], 'mute': False, 'joined_at': '2019-04-25T05:19:00.372000+00:00', 'hoisted_role': None, 'deaf': False}, {'user': {'username': 'teest', 'id': '702733347151020103', 'discriminator': '0840', 'bot': True, 'avatar': None}, 'roles': ['702735031919050813'], 'premium_since': None, 'nick': None, 'mute': False, 'joined_at': '2020-04-23T04:18:07.810743+00:00', 'hoisted_role': None, 'deaf': False}], 'name': 'test discord', 'presences': [{'user': {'id': '235088799074484224'}, 'status': 'online', 'game': None, 'client_status': {'web': 'online'}, 'activities': []}, {'user': {'id': '286341288083718144'}, 'status': 'online', 'game': None, 'client_status': {'desktop': 'online'}, 'activities': []}, {'user': {'id': '555522352566370305'}, 'status': 'online', 'game': None, 'client_status': {'desktop': 'online'}, 'activities': []}, {'user': {'id': '702733347151020103'}, 'status': 'online', 'game': None, 'client_status': {'web': 'online'}, 'activities': []}], 'application_id': None, 'joined_at': '2020-04-23T04:18:07.810743+00:00', 'member_count': 5, 'lazy': True, 'discovery_splash': None, 'channels': [{'user_limit': 0, 'type': 4, 'position': 0, 'permission_overwrites': [], 'name': 'Text Channels', 'id': '570840555068719115', 'bitrate': 64000}, {'type': 0, 'topic': None, 'rate_limit_per_user': 0, 'position': 0, 'permission_overwrites': [{'type': 'member', 'id': '286341288083718144', 'deny': 0, 'allow': 0}], 'parent_id': '570840555068719115', 'name': 'general', 'last_message_id': '702927113988210758', 'id': '570840555504795648'}, {'user_limit': 0, 'type': 4, 'position': 0, 'permission_overwrites': [], 'name': 'Voice Channels', 'id': '570840555504795649', 'bitrate': 64000}, {'user_limit': 0, 'type': 2, 'position': 0, 'permission_overwrites': [], 'parent_id': '570840555504795649', 'name': 'General', 'id': '570840555504795650', 'bitrate': 64000}], 'mfa_level': 0, 'owner_id': '555522352566370305', 'splash': None, 'banner': None, 'preferred_locale': 'en-US', 'description': None, 'large': False, 'id': '570840555068719114', 'unavailable': False}}
2020-04-23 13:01:42,296:DEBUG:discord.client: Dispatching event socket_response
2020-04-23 13:01:42,297:DEBUG:discord.client: Dispatching event guild_available
2020-04-23 13:01:44,300:DEBUG:discord.client: Dispatching event ready
2020-04-23 13:01:46,698:DEBUG:discord.client: Dispatching event socket_raw_receive
2020-04-23 13:01:46,698:DEBUG:discord.gateway: For Shard ID None: WebSocket Event: {'t': 'TYPING_START', 's': 3, 'op': 0, 'd': {'user_id': '555522352566370305', 'timestamp': 1587661306, 'member': {'user': {'username': 'AMZ', 'id': '555522352566370305', 'discriminator': '9336', 'avatar': 'e286f5a35e95be6eb83bde6abb5b4893'}, 'roles': [], 'mute': False, 'joined_at': '2019-04-25T05:16:34.036000+00:00', 'hoisted_role': None, 'deaf': False}, 'channel_id': '570840555504795648', 'guild_id': '570840555068719114'}}
2020-04-23 13:01:46,698:DEBUG:discord.client: Dispatching event socket_response
2020-04-23 13:01:46,698:DEBUG:discord.client: Dispatching event typing
2020-04-23 13:01:48,723:DEBUG:discord.client: Dispatching event socket_raw_receive
2020-04-23 13:01:48,723:DEBUG:discord.gateway: For Shard ID None: WebSocket Event: {'t': 'MESSAGE_CREATE', 's': 4, 'op': 0, 'd': {'type': 0, 'tts': False, 'timestamp': '2020-04-23T17:01:48.692000+00:00', 'pinned': False, 'nonce': '702927218317197312', 'mentions': [], 'mention_roles': [], 'mention_everyone': False, 'member': {'roles': [], 'mute': False, 'joined_at': '2019-04-25T05:16:34.036000+00:00', 'hoisted_role': None, 'deaf': False}, 'id': '702927218690490438', 'flags': 0, 'embeds': [{'url': 'https://cdn.discordapp.com/attachments/242057848983388160/702742834997886996/e1fd461dd42b611865b238e562ef5204.png', 'type': 'image', 'thumbnail': {'width': 1433, 'url': 'https://cdn.discordapp.com/attachments/242057848983388160/702742834997886996/e1fd461dd42b611865b238e562ef5204.png', 'proxy_url': 'https://media.discordapp.net/attachments/242057848983388160/702742834997886996/e1fd461dd42b611865b238e562ef5204.png', 'height': 622}}], 'edited_timestamp': None, 'content': '!juan !juan https://cdn.discordapp.com/attachments/242057848983388160/702742834997886996/e1fd461dd42b611865b238e562ef5204.png', 'channel_id': '570840555504795648', 'author': {'username': 'AMZ', 'public_flags': 0, 'id': '555522352566370305', 'discriminator': '9336', 'avatar': 'e286f5a35e95be6eb83bde6abb5b4893'}, 'attachments': [], 'guild_id': '570840555068719114'}}
2020-04-23 13:01:48,723:DEBUG:discord.client: Dispatching event socket_response
2020-04-23 13:01:48,723:DEBUG:discord.client: Dispatching event message
2020-04-23 13:01:55,768:DEBUG:discord.client: Dispatching event socket_raw_receive
2020-04-23 13:01:55,768:DEBUG:discord.gateway: For Shard ID None: WebSocket Event: {'t': 'MESSAGE_CREATE', 's': 5, 'op': 0, 'd': {'type': 0, 'tts': False, 'timestamp': '2020-04-23T17:01:55.723000+00:00', 'pinned': False, 'nonce': '702927247958343680', 'mentions': [], 'mention_roles': [], 'mention_everyone': False, 'member': {'roles': [], 'mute': False, 'joined_at': '2019-04-25T05:16:34.036000+00:00', 'hoisted_role': None, 'deaf': False}, 'id': '702927248180772875', 'flags': 0, 'embeds': [{'url': 'https://cdn.discordapp.com/attachments/242057848983388160/702742834997886996/e1fd461dd42b611865b238e562ef5204.png', 'type': 'image', 'thumbnail': {'width': 1433, 'url': 'https://cdn.discordapp.com/attachments/242057848983388160/702742834997886996/e1fd461dd42b611865b238e562ef5204.png', 'proxy_url': 'https://media.discordapp.net/attachments/242057848983388160/702742834997886996/e1fd461dd42b611865b238e562ef5204.png', 'height': 622}}], 'edited_timestamp': None, 'content': '!juan https://cdn.discordapp.com/attachments/242057848983388160/702742834997886996/e1fd461dd42b611865b238e562ef5204.png', 'channel_id': '570840555504795648', 'author': {'username': 'AMZ', 'public_flags': 0, 'id': '555522352566370305', 'discriminator': '9336', 'avatar': 'e286f5a35e95be6eb83bde6abb5b4893'}, 'attachments': [], 'guild_id': '570840555068719114'}}
2020-04-23 13:01:55,768:DEBUG:discord.client: Dispatching event socket_response
2020-04-23 13:01:55,768:DEBUG:discord.client: Dispatching event message
2020-04-23 13:01:58,023:DEBUG:discord.client: Dispatching event socket_raw_receive
2020-04-23 13:01:58,024:DEBUG:discord.gateway: For Shard ID None: WebSocket Event: {'t': 'MESSAGE_CREATE', 's': 6, 'op': 0, 'd': {'type': 0, 'tts': False, 'timestamp': '2020-04-23T17:01:57.987000+00:00', 'pinned': False, 'mentions': [], 'mention_roles': [], 'mention_everyone': False, 'member': {'roles': ['702735031919050813'], 'premium_since': None, 'nick': None, 'mute': False, 'joined_at': '2020-04-23T04:18:07.810743+00:00', 'hoisted_role': None, 'deaf': False}, 'id': '702927257676677220', 'flags': 0, 'embeds': [], 'edited_timestamp': None, 'content': '', 'channel_id': '570840555504795648', 'author': {'username': 'teest', 'public_flags': 0, 'id': '702733347151020103', 'discriminator': '0840', 'bot': True, 'avatar': None}, 'attachments': [{'width': 1219, 'url': 'https://cdn.discordapp.com/attachments/570840555504795648/702927257378750644/image.png', 'size': 755427, 'proxy_url': 'https://media.discordapp.net/attachments/570840555504795648/702927257378750644/image.png', 'id': '702927257378750644', 'height': 684, 'filename': 'image.png'}], 'guild_id': '570840555068719114'}}
2020-04-23 13:01:58,024:DEBUG:discord.client: Dispatching event socket_response
2020-04-23 13:01:58,024:DEBUG:discord.client: Dispatching event message
2020-04-23 13:01:58,089:DEBUG:discord.http: POST https://discordapp.com/api/v7/channels/570840555504795648/messages with <aiohttp.formdata.FormData object at 0x7fc6b9f8e7c0> has returned 200
2020-04-23 13:01:58,089:DEBUG:discord.http: POST https://discordapp.com/api/v7/channels/570840555504795648/messages has received {'id': '702927257676677220', 'type': 0, 'content': '', 'channel_id': '570840555504795648', 'author': {'id': '702733347151020103', 'username': 'teest', 'avatar': None, 'discriminator': '0840', 'public_flags': 0, 'bot': True}, 'attachments': [{'id': '702927257378750644', 'filename': 'image.png', 'size': 755427, 'url': 'https://cdn.discordapp.com/attachments/570840555504795648/702927257378750644/image.png', 'proxy_url': 'https://media.discordapp.net/attachments/570840555504795648/702927257378750644/image.png', 'width': 1219, 'height': 684}], 'embeds': [], 'mentions': [], 'mention_roles': [], 'pinned': False, 'mention_everyone': False, 'tts': False, 'timestamp': '2020-04-23T17:01:57.987000+00:00', 'edited_timestamp': None, 'flags': 0}
2020-04-23 13:02:23,406:DEBUG:discord.gateway: Keeping websocket alive with sequence 6.
2020-04-23 13:02:23,406:DEBUG:discord.client: Dispatching event socket_raw_send
2020-04-23 13:02:23,443:DEBUG:discord.client: Dispatching event socket_raw_receive
2020-04-23 13:02:23,443:DEBUG:discord.gateway: For Shard ID None: WebSocket Event: {'t': None, 's': None, 'op': 11, 'd': None}
2020-04-23 13:02:23,443:DEBUG:discord.client: Dispatching event socket_response
2020-04-23 13:03:04,657:DEBUG:discord.gateway: Keeping websocket alive with sequence 6.
2020-04-23 13:03:04,657:DEBUG:discord.client: Dispatching event socket_raw_send
2020-04-23 13:03:04,688:DEBUG:discord.client: Dispatching event socket_raw_receive
2020-04-23 13:03:04,688:DEBUG:discord.gateway: For Shard ID None: WebSocket Event: {'t': None, 's': None, 'op': 11, 'd': None}
2020-04-23 13:03:04,688:DEBUG:discord.client: Dispatching event socket_response
2020-04-23 13:03:24,218:DEBUG:discord.client: Dispatching event socket_raw_receive
2020-04-23 13:03:24,218:DEBUG:discord.gateway: For Shard ID None: WebSocket Event: {'t': 'TYPING_START', 's': 7, 'op': 0, 'd': {'user_id': '555522352566370305', 'timestamp': 1587661404, 'member': {'user': {'username': 'AMZ', 'id': '555522352566370305', 'discriminator': '9336', 'avatar': 'e286f5a35e95be6eb83bde6abb5b4893'}, 'roles': [], 'mute': False, 'joined_at': '2019-04-25T05:16:34.036000+00:00', 'hoisted_role': None, 'deaf': False}, 'channel_id': '570840555504795648', 'guild_id': '570840555068719114'}}
2020-04-23 13:03:24,218:DEBUG:discord.client: Dispatching event socket_response
2020-04-23 13:03:24,219:DEBUG:discord.client: Dispatching event typing
2020-04-23 13:03:24,833:DEBUG:discord.client: Dispatching event socket_raw_receive
2020-04-23 13:03:24,833:DEBUG:discord.gateway: For Shard ID None: WebSocket Event: {'t': 'MESSAGE_CREATE', 's': 8, 'op': 0, 'd': {'type': 0, 'tts': False, 'timestamp': '2020-04-23T17:03:24.647000+00:00', 'pinned': False, 'nonce': '702927620664197120', 'mentions': [], 'mention_roles': [], 'mention_everyone': False, 'member': {'roles': [], 'mute': False, 'joined_at': '2019-04-25T05:16:34.036000+00:00', 'hoisted_role': None, 'deaf': False}, 'id': '702927621155061872', 'flags': 0, 'embeds': [], 'edited_timestamp': None, 'content': '!juan https://cdn.discordapp.com/attachments/242057848983388160/702730235459796992/image0.png', 'channel_id': '570840555504795648', 'author': {'username': 'AMZ', 'public_flags': 0, 'id': '555522352566370305', 'discriminator': '9336', 'avatar': 'e286f5a35e95be6eb83bde6abb5b4893'}, 'attachments': [], 'guild_id': '570840555068719114'}}
2020-04-23 13:03:24,833:DEBUG:discord.client: Dispatching event socket_response
2020-04-23 13:03:24,833:DEBUG:discord.client: Dispatching event message
2020-04-23 13:03:25,841:DEBUG:discord.client: Dispatching event socket_raw_receive
2020-04-23 13:03:25,841:DEBUG:discord.gateway: For Shard ID None: WebSocket Event: {'t': 'MESSAGE_UPDATE', 's': 9, 'op': 0, 'd': {'id': '702927621155061872', 'embeds': [{'url': 'https://cdn.discordapp.com/attachments/242057848983388160/702730235459796992/image0.png', 'type': 'image', 'thumbnail': {'width': 677, 'url': 'https://cdn.discordapp.com/attachments/242057848983388160/702730235459796992/image0.png', 'proxy_url': 'https://media.discordapp.net/attachments/242057848983388160/702730235459796992/image0.png', 'height': 677}}], 'channel_id': '570840555504795648', 'guild_id': '570840555068719114'}}
2020-04-23 13:03:25,841:DEBUG:discord.client: Dispatching event socket_response
2020-04-23 13:03:25,841:DEBUG:discord.client: Dispatching event raw_message_edit
2020-04-23 13:03:25,841:DEBUG:discord.client: Dispatching event message_edit
2020-04-23 13:03:26,932:DEBUG:discord.client: Dispatching event socket_raw_receive
2020-04-23 13:03:26,932:DEBUG:discord.gateway: For Shard ID None: WebSocket Event: {'t': 'MESSAGE_CREATE', 's': 10, 'op': 0, 'd': {'type': 0, 'tts': False, 'timestamp': '2020-04-23T17:03:26.815000+00:00', 'pinned': False, 'mentions': [], 'mention_roles': [], 'mention_everyone': False, 'member': {'roles': ['702735031919050813'], 'premium_since': None, 'nick': None, 'mute': False, 'joined_at': '2020-04-23T04:18:07.810743+00:00', 'hoisted_role': None, 'deaf': False}, 'id': '702927630248312984', 'flags': 0, 'embeds': [], 'edited_timestamp': None, 'content': '', 'channel_id': '570840555504795648', 'author': {'username': 'teest', 'public_flags': 0, 'id': '702733347151020103', 'discriminator': '0840', 'bot': True, 'avatar': None}, 'attachments': [{'width': 1219, 'url': 'https://cdn.discordapp.com/attachments/570840555504795648/702927630265221190/image.png', 'size': 610911, 'proxy_url': 'https://media.discordapp.net/attachments/570840555504795648/702927630265221190/image.png', 'id': '702927630265221190', 'height': 684, 'filename': 'image.png'}], 'guild_id': '570840555068719114'}}
2020-04-23 13:03:26,932:DEBUG:discord.client: Dispatching event socket_response
2020-04-23 13:03:26,933:DEBUG:discord.client: Dispatching event message
2020-04-23 13:03:27,001:DEBUG:discord.http: POST https://discordapp.com/api/v7/channels/570840555504795648/messages with <aiohttp.formdata.FormData object at 0x7fc6b9f8eaf0> has returned 200
2020-04-23 13:03:27,001:DEBUG:discord.http: POST https://discordapp.com/api/v7/channels/570840555504795648/messages has received {'id': '702927630248312984', 'type': 0, 'content': '', 'channel_id': '570840555504795648', 'author': {'id': '702733347151020103', 'username': 'teest', 'avatar': None, 'discriminator': '0840', 'public_flags': 0, 'bot': True}, 'attachments': [{'id': '702927630265221190', 'filename': 'image.png', 'size': 610911, 'url': 'https://cdn.discordapp.com/attachments/570840555504795648/702927630265221190/image.png', 'proxy_url': 'https://media.discordapp.net/attachments/570840555504795648/702927630265221190/image.png', 'width': 1219, 'height': 684}], 'embeds': [], 'mentions': [], 'mention_roles': [], 'pinned': False, 'mention_everyone': False, 'tts': False, 'timestamp': '2020-04-23T17:03:26.815000+00:00', 'edited_timestamp': None, 'flags': 0}
2020-04-23 13:03:45,907:DEBUG:discord.gateway: Keeping websocket alive with sequence 10.
2020-04-23 13:03:45,908:DEBUG:discord.client: Dispatching event socket_raw_send
2020-04-23 13:03:45,940:DEBUG:discord.client: Dispatching event socket_raw_receive
2020-04-23 13:03:45,940:DEBUG:discord.gateway: For Shard ID None: WebSocket Event: {'t': None, 's': None, 'op': 11, 'd': None}
2020-04-23 13:03:45,940:DEBUG:discord.client: Dispatching event socket_response
2020-04-23 13:04:27,158:DEBUG:discord.gateway: Keeping websocket alive with sequence 10.
2020-04-23 13:04:27,159:DEBUG:discord.client: Dispatching event socket_raw_send
2020-04-23 13:04:27,190:DEBUG:discord.client: Dispatching event socket_raw_receive
2020-04-23 13:04:27,190:DEBUG:discord.gateway: For Shard ID None: WebSocket Event: {'t': None, 's': None, 'op': 11, 'd': None}
2020-04-23 13:04:27,190:DEBUG:discord.client: Dispatching event socket_response
2020-04-23 13:05:08,410:DEBUG:discord.gateway: Keeping websocket alive with sequence 10.
2020-04-23 13:05:08,410:DEBUG:discord.client: Dispatching event socket_raw_send
2020-04-23 13:05:08,451:DEBUG:discord.client: Dispatching event socket_raw_receive
2020-04-23 13:05:08,451:DEBUG:discord.gateway: For Shard ID None: WebSocket Event: {'t': None, 's': None, 'op': 11, 'd': None}
2020-04-23 13:05:08,452:DEBUG:discord.client: Dispatching event socket_response
2020-04-23 13:05:10,064:DEBUG:discord.client: Dispatching event socket_raw_receive
2020-04-23 13:05:10,064:DEBUG:discord.gateway: For Shard ID None: WebSocket Event: {'t': 'TYPING_START', 's': 11, 'op': 0, 'd': {'user_id': '555522352566370305', 'timestamp': 1587661510, 'member': {'user': {'username': 'AMZ', 'id': '555522352566370305', 'discriminator': '9336', 'avatar': 'e286f5a35e95be6eb83bde6abb5b4893'}, 'roles': [], 'mute': False, 'joined_at': '2019-04-25T05:16:34.036000+00:00', 'hoisted_role': None, 'deaf': False}, 'channel_id': '570840555504795648', 'guild_id': '570840555068719114'}}
2020-04-23 13:05:10,064:DEBUG:discord.client: Dispatching event socket_response
2020-04-23 13:05:10,064:DEBUG:discord.client: Dispatching event typing
2020-04-23 13:05:10,573:DEBUG:discord.client: Dispatching event socket_raw_receive
2020-04-23 13:05:10,573:DEBUG:discord.gateway: For Shard ID None: WebSocket Event: {'t': 'MESSAGE_CREATE', 's': 12, 'op': 0, 'd': {'type': 0, 'tts': False, 'timestamp': '2020-04-23T17:05:10.505000+00:00', 'pinned': False, 'nonce': '702928064840990720', 'mentions': [], 'mention_roles': [], 'mention_everyone': False, 'member': {'roles': [], 'mute': False, 'joined_at': '2019-04-25T05:16:34.036000+00:00', 'hoisted_role': None, 'deaf': False}, 'id': '702928065155563601', 'flags': 0, 'embeds': [], 'edited_timestamp': None, 'content': '!juan https://i.stack.imgur.com/NgeNS.png', 'channel_id': '570840555504795648', 'author': {'username': 'AMZ', 'public_flags': 0, 'id': '555522352566370305', 'discriminator': '9336', 'avatar': 'e286f5a35e95be6eb83bde6abb5b4893'}, 'attachments': [], 'guild_id': '570840555068719114'}}
2020-04-23 13:05:10,573:DEBUG:discord.client: Dispatching event socket_response
2020-04-23 13:05:10,573:DEBUG:discord.client: Dispatching event message
2020-04-23 13:05:11,490:DEBUG:discord.client: Dispatching event socket_raw_receive
2020-04-23 13:05:11,491:DEBUG:discord.gateway: For Shard ID None: WebSocket Event: {'t': 'MESSAGE_UPDATE', 's': 13, 'op': 0, 'd': {'id': '702928065155563601', 'embeds': [{'url': 'https://i.stack.imgur.com/NgeNS.png', 'type': 'image', 'thumbnail': {'width': 1158, 'url': 'https://i.stack.imgur.com/NgeNS.png', 'proxy_url': 'https://images-ext-2.discordapp.net/external/T0xY3gJEEX4jC82WQtme9X6iUPOMgy_xsphYq608e24/https/i.stack.imgur.com/NgeNS.png', 'height': 601}}], 'channel_id': '570840555504795648', 'guild_id': '570840555068719114'}}
2020-04-23 13:05:11,491:DEBUG:discord.client: Dispatching event socket_response
2020-04-23 13:05:11,491:DEBUG:discord.client: Dispatching event raw_message_edit
2020-04-23 13:05:11,491:DEBUG:discord.client: Dispatching event message_edit
2020-04-23 13:05:12,702:DEBUG:discord.client: Dispatching event socket_raw_receive
2020-04-23 13:05:12,702:DEBUG:discord.gateway: For Shard ID None: WebSocket Event: {'t': 'MESSAGE_CREATE', 's': 14, 'op': 0, 'd': {'type': 0, 'tts': False, 'timestamp': '2020-04-23T17:05:12.637000+00:00', 'pinned': False, 'mentions': [], 'mention_roles': [], 'mention_everyone': False, 'member': {'roles': ['702735031919050813'], 'premium_since': None, 'nick': None, 'mute': False, 'joined_at': '2020-04-23T04:18:07.810743+00:00', 'hoisted_role': None, 'deaf': False}, 'id': '702928074097819778', 'flags': 0, 'embeds': [], 'edited_timestamp': None, 'content': '', 'channel_id': '570840555504795648', 'author': {'username': 'teest', 'public_flags': 0, 'id': '702733347151020103', 'discriminator': '0840', 'bot': True, 'avatar': None}, 'attachments': [{'width': 1219, 'url': 'https://cdn.discordapp.com/attachments/570840555504795648/702928073611280404/image.png', 'size': 645773, 'proxy_url': 'https://media.discordapp.net/attachments/570840555504795648/702928073611280404/image.png', 'id': '702928073611280404', 'height': 684, 'filename': 'image.png'}], 'guild_id': '570840555068719114'}}
2020-04-23 13:05:12,702:DEBUG:discord.client: Dispatching event socket_response
2020-04-23 13:05:12,702:DEBUG:discord.client: Dispatching event message
2020-04-23 13:05:12,765:DEBUG:discord.http: POST https://discordapp.com/api/v7/channels/570840555504795648/messages with <aiohttp.formdata.FormData object at 0x7fc6ba7ceeb0> has returned 200
2020-04-23 13:05:12,765:DEBUG:discord.http: POST https://discordapp.com/api/v7/channels/570840555504795648/messages has received {'id': '702928074097819778', 'type': 0, 'content': '', 'channel_id': '570840555504795648', 'author': {'id': '702733347151020103', 'username': 'teest', 'avatar': None, 'discriminator': '0840', 'public_flags': 0, 'bot': True}, 'attachments': [{'id': '702928073611280404', 'filename': 'image.png', 'size': 645773, 'url': 'https://cdn.discordapp.com/attachments/570840555504795648/702928073611280404/image.png', 'proxy_url': 'https://media.discordapp.net/attachments/570840555504795648/702928073611280404/image.png', 'width': 1219, 'height': 684}], 'embeds': [], 'mentions': [], 'mention_roles': [], 'pinned': False, 'mention_everyone': False, 'tts': False, 'timestamp': '2020-04-23T17:05:12.637000+00:00', 'edited_timestamp': None, 'flags': 0}
2020-04-23 13:05:49,661:DEBUG:discord.gateway: Keeping websocket alive with sequence 14.
2020-04-23 13:05:49,661:DEBUG:discord.client: Dispatching event socket_raw_send
2020-04-23 13:05:49,703:DEBUG:discord.client: Dispatching event socket_raw_receive
2020-04-23 13:05:49,703:DEBUG:discord.gateway: For Shard ID None: WebSocket Event: {'t': None, 's': None, 'op': 11, 'd': None}
2020-04-23 13:05:49,703:DEBUG:discord.client: Dispatching event socket_response
2020-04-23 13:06:30,912:DEBUG:discord.gateway: Keeping websocket alive with sequence 14.
2020-04-23 13:06:30,912:DEBUG:discord.client: Dispatching event socket_raw_send
2020-04-23 13:06:30,961:DEBUG:discord.client: Dispatching event socket_raw_receive
2020-04-23 13:06:30,961:DEBUG:discord.gateway: For Shard ID None: WebSocket Event: {'t': None, 's': None, 'op': 11, 'd': None}
2020-04-23 13:06:30,961:DEBUG:discord.client: Dispatching event socket_response
2020-04-23 13:07:12,163:DEBUG:discord.gateway: Keeping websocket alive with sequence 14.
2020-04-23 13:07:12,163:DEBUG:discord.client: Dispatching event socket_raw_send
2020-04-23 13:07:12,234:DEBUG:discord.client: Dispatching event socket_raw_receive
2020-04-23 13:07:12,234:DEBUG:discord.gateway: For Shard ID None: WebSocket Event: {'t': None, 's': None, 'op': 11, 'd': None}
2020-04-23 13:07:12,234:DEBUG:discord.client: Dispatching event socket_response
2020-04-23 13:07:53,414:DEBUG:discord.gateway: Keeping websocket alive with sequence 14.
2020-04-23 13:07:53,414:DEBUG:discord.client: Dispatching event socket_raw_send
2020-04-23 13:07:53,463:DEBUG:discord.client: Dispatching event socket_raw_receive
2020-04-23 13:07:53,463:DEBUG:discord.gateway: For Shard ID None: WebSocket Event: {'t': None, 's': None, 'op': 11, 'd': None}
2020-04-23 13:07:53,463:DEBUG:discord.client: Dispatching event socket_response
2020-04-23 13:08:34,665:DEBUG:discord.gateway: Keeping websocket alive with sequence 14.
2020-04-23 13:08:34,665:DEBUG:discord.client: Dispatching event socket_raw_send
2020-04-23 13:08:34,698:DEBUG:discord.client: Dispatching event socket_raw_receive
2020-04-23 13:08:34,698:DEBUG:discord.gateway: For Shard ID None: WebSocket Event: {'t': None, 's': None, 'op': 11, 'd': None}
2020-04-23 13:08:34,698:DEBUG:discord.client: Dispatching event socket_response
